<?xml version="1.0" encoding="utf-8"?><testsuites name="pytest tests"><testsuite name="pytest" errors="0" failures="0" skipped="0" tests="14" time="7.709" timestamp="2026-03-03T18:00:35.400269+00:00" hostname="agent-env-0e790b09-3817-41f8-89e1-ec6783c241ca"><testcase classname="backend.tests.test_iteration12_bugfixes.TestHealthAndAuth" name="test_health_endpoint" time="0.230" /><testcase classname="backend.tests.test_iteration12_bugfixes.TestHealthAndAuth" name="test_login_mario" time="0.380" /><testcase classname="backend.tests.test_iteration12_bugfixes.TestHealthAndAuth" name="test_login_tutor" time="0.387" /><testcase classname="backend.tests.test_iteration12_bugfixes.TestGetSinglePost" name="test_get_single_post_returns_200" time="0.631" /><testcase classname="backend.tests.test_iteration12_bugfixes.TestGetSinglePost" name="test_get_single_post_has_required_fields" time="0.590" /><testcase classname="backend.tests.test_iteration12_bugfixes.TestGetSinglePost" name="test_get_single_post_user_info" time="0.635" /><testcase classname="backend.tests.test_iteration12_bugfixes.TestGetSinglePost" name="test_get_single_post_recent_likers_array" time="0.668" /><testcase classname="backend.tests.test_iteration12_bugfixes.TestGetSinglePost" name="test_get_single_post_is_liked_boolean" time="0.659" /><testcase classname="backend.tests.test_iteration12_bugfixes.TestGetSinglePost" name="test_get_nonexistent_post_returns_404" time="0.518" /><testcase classname="backend.tests.test_iteration12_bugfixes.TestUserMeUsernameUpdate" name="test_update_username_success" time="0.507" /><testcase classname="backend.tests.test_iteration12_bugfixes.TestUserMeUsernameUpdate" name="test_update_duplicate_username_rejected" time="0.833" /><testcase classname="backend.tests.test_iteration12_bugfixes.TestUserMeUsernameUpdate" name="test_update_other_fields_still_works" time="0.508" /><testcase classname="backend.tests.test_iteration12_bugfixes.TestPostsEndpoint" name="test_get_posts_list" time="0.503" /><testcase classname="backend.tests.test_iteration12_bugfixes.TestPostsEndpoint" name="test_posts_list_has_recent_likers" time="0.518" /></testsuite></testsuites>