<?xml version="1.0" encoding="utf-8"?><testsuites name="pytest tests"><testsuite name="pytest" errors="0" failures="0" skipped="0" tests="13" time="4.002" timestamp="2026-03-18T17:50:38.615578+00:00" hostname="agent-env-36430f68-e491-48ac-a0a2-70053d2dbe8e"><testcase classname="backend.tests.test_iteration20_available_teachers.TestAvailableTeachersEndpoint" name="test_endpoint_returns_200" time="0.798" /><testcase classname="backend.tests.test_iteration20_available_teachers.TestAvailableTeachersEndpoint" name="test_only_returns_available_users" time="0.173" /><testcase classname="backend.tests.test_iteration20_available_teachers.TestAvailableTeachersEndpoint" name="test_no_available_since_field" time="0.191" /><testcase classname="backend.tests.test_iteration20_available_teachers.TestAvailableTeachersEndpoint" name="test_includes_review_count_field" time="0.149" /><testcase classname="backend.tests.test_iteration20_available_teachers.TestAvailableTeachersEndpoint" name="test_includes_rating_field" time="0.132" /><testcase classname="backend.tests.test_iteration20_available_teachers.TestAvailableTeachersEndpoint" name="test_includes_is_busy_field" time="0.149" /><testcase classname="backend.tests.test_iteration20_available_teachers.TestAvailableTeachersEndpoint" name="test_includes_remaining_minutes_field" time="0.190" /><testcase classname="backend.tests.test_iteration20_available_teachers.TestAvailableTeachersEndpoint" name="test_response_structure_complete" time="0.158" /><testcase classname="backend.tests.test_iteration20_available_teachers.TestAvailableTeachersEndpoint" name="test_excludes_current_user" time="0.340" /><testcase classname="backend.tests.test_iteration20_available_teachers.TestAvailableTeachersEndpoint" name="test_sorted_by_availability_and_rating" time="0.195" /><testcase classname="backend.tests.test_iteration20_available_teachers.TestAvailableTeachersWithTeacherSetup" name="test_teacher_toggle_availability_shows_in_list" time="1.074" /><testcase classname="backend.tests.test_iteration20_available_teachers.TestAuthenticationRequired" name="test_endpoint_requires_auth" time="0.143" /><testcase classname="backend.tests.test_iteration20_available_teachers.TestAuthenticationRequired" name="test_endpoint_rejects_invalid_token" time="0.134" /></testsuite></testsuites>