<?xml version="1.0" encoding="utf-8"?><testsuites name="pytest tests"><testsuite name="pytest" errors="0" failures="0" skipped="0" tests="13" time="5.456" timestamp="2026-03-20T09:12:18.615434+00:00" hostname="agent-env-fe3ecaae-f328-4a5c-9ce5-8dc74bfbfde2"><testcase classname="backend.tests.test_iteration22_notifications.TestBookingReturnsPaymentId" name="test_book_returns_payment_id" time="1.163" /><testcase classname="backend.tests.test_iteration22_notifications.TestNotificationsEndpoint" name="test_get_notifications_requires_auth" time="0.113" /><testcase classname="backend.tests.test_iteration22_notifications.TestNotificationsEndpoint" name="test_get_notifications_returns_list" time="0.165" /><testcase classname="backend.tests.test_iteration22_notifications.TestNotificationsEndpoint" name="test_notification_has_correct_fields" time="0.226" /><testcase classname="backend.tests.test_iteration22_notifications.TestNotificationsEndpoint" name="test_notifications_sorted_by_created_at_desc" time="0.362" /><testcase classname="backend.tests.test_iteration22_notifications.TestUnreadCount" name="test_unread_count_requires_auth" time="0.134" /><testcase classname="backend.tests.test_iteration22_notifications.TestUnreadCount" name="test_unread_count_returns_count" time="0.142" /><testcase classname="backend.tests.test_iteration22_notifications.TestMarkNotificationRead" name="test_mark_as_read_requires_auth" time="0.136" /><testcase classname="backend.tests.test_iteration22_notifications.TestMarkNotificationRead" name="test_mark_notification_as_read" time="0.469" /><testcase classname="backend.tests.test_iteration22_notifications.TestBookingNotification" name="test_booking_creates_notification" time="0.219" /><testcase classname="backend.tests.test_iteration22_notifications.TestStartLessonNotification" name="test_start_creates_notification_for_booked_users" time="0.715" /><testcase classname="backend.tests.test_iteration22_notifications.TestNotificationSecurity" name="test_user_only_sees_own_notifications" time="0.291" /><testcase classname="backend.tests.test_iteration22_notifications.TestFullNotificationFlow" name="test_complete_notification_flow" time="0.926" /></testsuite></testsuites>