<?xml version="1.0" encoding="utf-8"?><testsuites name="pytest tests"><testsuite name="pytest" errors="0" failures="0" skipped="0" tests="17" time="10.405" timestamp="2026-03-04T21:01:43.347766+00:00" hostname="agent-env-68ae22d9-9c95-46b2-b895-b74faee326ca"><testcase classname="tests.test_iteration17_beatmates_features.TestAuthAndHealth" name="test_health_endpoint" time="0.163" /><testcase classname="tests.test_iteration17_beatmates_features.TestAuthAndHealth" name="test_login_student" time="0.339" /><testcase classname="tests.test_iteration17_beatmates_features.TestAuthAndHealth" name="test_login_teacher" time="0.337" /><testcase classname="tests.test_iteration17_beatmates_features.TestFuzzySearch" name="test_exact_search_tutor" time="0.477" /><testcase classname="tests.test_iteration17_beatmates_features.TestFuzzySearch" name="test_fuzzy_search_tutro" time="0.458" /><testcase classname="tests.test_iteration17_beatmates_features.TestFuzzySearch" name="test_fuzzy_search_totur" time="0.460" /><testcase classname="tests.test_iteration17_beatmates_features.TestFuzzySearch" name="test_search_no_password_leak" time="0.481" /><testcase classname="tests.test_iteration17_beatmates_features.TestVideoLessonsShop" name="test_get_own_video_lessons" time="0.812" /><testcase classname="tests.test_iteration17_beatmates_features.TestVideoLessonsShop" name="test_get_other_user_video_lessons" time="0.909" /><testcase classname="tests.test_iteration17_beatmates_features.TestVideoLessonsShop" name="test_get_nonexistent_user_video_lessons" time="0.916" /><testcase classname="tests.test_iteration17_beatmates_features.TestVideoCarouselInReels" name="test_get_posts_with_media_urls" time="0.493" /><testcase classname="tests.test_iteration17_beatmates_features.TestVideoCarouselInReels" name="test_create_video_carousel_post" time="0.875" /><testcase classname="tests.test_iteration17_beatmates_features.TestCustomThumbnailSelection" name="test_create_post_with_custom_thumbnail" time="0.738" /><testcase classname="tests.test_iteration17_beatmates_features.TestCustomThumbnailSelection" name="test_post_without_custom_thumbnail" time="0.598" /><testcase classname="tests.test_iteration17_beatmates_features.TestUserProfileEndpoint" name="test_get_other_user_profile" time="0.872" /><testcase classname="tests.test_iteration17_beatmates_features.TestUserProfileEndpoint" name="test_get_other_user_posts" time="0.804" /><testcase classname="tests.test_iteration17_beatmates_features.TestStoriesForProfileClick" name="test_get_stories" time="0.540" /></testsuite></testsuites>