<?xml version="1.0" encoding="utf-8"?><testsuites name="pytest tests"><testsuite name="pytest" errors="0" failures="0" skipped="0" tests="18" time="4.532" timestamp="2026-03-04T12:01:07.356683+00:00" hostname="agent-env-68e47cc6-d6a5-430f-b7de-3826836518fb"><testcase classname="backend.tests.test_iteration15_carousel_search_delete.TestUserSearch" name="test_search_users_by_username_mario" time="0.966" /><testcase classname="backend.tests.test_iteration15_carousel_search_delete.TestUserSearch" name="test_search_users_by_tutor" time="0.125" /><testcase classname="backend.tests.test_iteration15_carousel_search_delete.TestUserSearch" name="test_search_users_nonexistent" time="0.116" /><testcase classname="backend.tests.test_iteration15_carousel_search_delete.TestUserSearch" name="test_search_users_empty_query" time="0.119" /><testcase classname="backend.tests.test_iteration15_carousel_search_delete.TestUserSearch" name="test_search_excludes_current_user" time="0.124" /><testcase classname="backend.tests.test_iteration15_carousel_search_delete.TestCarouselPosts" name="test_create_carousel_post_with_media_urls" time="0.094" /><testcase classname="backend.tests.test_iteration15_carousel_search_delete.TestCarouselPosts" name="test_get_posts_include_media_urls" time="0.123" /><testcase classname="backend.tests.test_iteration15_carousel_search_delete.TestCarouselPosts" name="test_get_single_post_has_media_urls" time="0.217" /><testcase classname="backend.tests.test_iteration15_carousel_search_delete.TestCarouselPosts" name="test_get_user_posts_include_media_urls" time="0.110" /><testcase classname="backend.tests.test_iteration15_carousel_search_delete.TestCarouselPosts" name="test_backward_compat_old_posts_get_media_urls" time="0.109" /><testcase classname="backend.tests.test_iteration15_carousel_search_delete.TestPostDeletion" name="test_owner_can_delete_own_post" time="0.329" /><testcase classname="backend.tests.test_iteration15_carousel_search_delete.TestPostDeletion" name="test_non_owner_cannot_delete_post" time="0.402" /><testcase classname="backend.tests.test_iteration15_carousel_search_delete.TestPostDeletion" name="test_delete_nonexistent_post" time="0.097" /><testcase classname="backend.tests.test_iteration15_carousel_search_delete.TestHealthEndpoints" name="test_health_check" time="0.100" /><testcase classname="backend.tests.test_iteration15_carousel_search_delete.TestHealthEndpoints" name="test_root_endpoint" time="0.112" /><testcase classname="backend.tests.test_iteration15_carousel_search_delete.TestHealthEndpoints" name="test_student_login" time="0.326" /><testcase classname="backend.tests.test_iteration15_carousel_search_delete.TestHealthEndpoints" name="test_teacher_login" time="0.317" /><testcase classname="backend.tests.test_iteration15_carousel_search_delete.TestCleanup" name="test_cleanup_test_posts" time="0.550" /></testsuite></testsuites>