<?xml version="1.0" encoding="utf-8"?><testsuites name="pytest tests"><testsuite name="pytest" errors="0" failures="0" skipped="0" tests="19" time="17.483" timestamp="2026-03-20T18:48:36.938365+00:00" hostname="agent-env-fe3ecaae-f328-4a5c-9ce5-8dc74bfbfde2"><testcase classname="backend.tests.test_iteration23_notifications_extended.TestLikeNotification" name="test_like_creates_notification_for_post_owner" time="1.576" /><testcase classname="backend.tests.test_iteration23_notifications_extended.TestLikeNotification" name="test_self_like_does_not_create_notification" time="0.629" /><testcase classname="backend.tests.test_iteration23_notifications_extended.TestStoryReactionNotification" name="test_story_reaction_creates_notification" time="1.172" /><testcase classname="backend.tests.test_iteration23_notifications_extended.TestStoryReactionNotification" name="test_story_reaction_404_for_nonexistent_story" time="0.103" /><testcase classname="backend.tests.test_iteration23_notifications_extended.TestAvailabilitySlotLessonType" name="test_create_slot_with_single_lesson_type" time="0.454" /><testcase classname="backend.tests.test_iteration23_notifications_extended.TestAvailabilitySlotLessonType" name="test_create_slot_with_group_lesson_type" time="0.106" /><testcase classname="backend.tests.test_iteration23_notifications_extended.TestAvailabilitySlotLessonType" name="test_create_slot_with_both_lesson_type" time="0.100" /><testcase classname="backend.tests.test_iteration23_notifications_extended.TestAvailabilitySlotLessonType" name="test_create_slot_default_lesson_type" time="0.107" /><testcase classname="backend.tests.test_iteration23_notifications_extended.TestNotificationEndpoints" name="test_get_notifications_returns_all_types" time="0.458" /><testcase classname="backend.tests.test_iteration23_notifications_extended.TestNotificationEndpoints" name="test_get_unread_count" time="0.109" /><testcase classname="backend.tests.test_iteration23_notifications_extended.TestNotificationEndpoints" name="test_mark_notification_as_read" time="1.047" /><testcase classname="backend.tests.test_iteration23_notifications_extended.TestChatMessageNotification" name="test_send_message_creates_notification" time="1.276" /><testcase classname="backend.tests.test_iteration23_notifications_extended.TestGroupLessonMuteAll" name="test_mute_all_clears_hands_and_speakers" time="2.291" /><testcase classname="backend.tests.test_iteration23_notifications_extended.TestGroupLessonMuteAll" name="test_mute_all_only_teacher_can_call" time="1.141" /><testcase classname="backend.tests.test_iteration23_notifications_extended.TestGroupLessonToken" name="test_teacher_gets_owner_token" time="2.887" /><testcase classname="backend.tests.test_iteration23_notifications_extended.TestGroupLessonToken" name="test_student_gets_participant_token" time="1.474" /><testcase classname="backend.tests.test_iteration23_notifications_extended.TestGroupLessonToken" name="test_unbooked_student_cannot_get_token" time="0.986" /><testcase classname="backend.tests.test_iteration23_notifications_extended.TestGroupLessonToken" name="test_token_not_available_before_lesson_starts" time="0.359" /><testcase classname="backend.tests.test_iteration23_notifications_extended.TestBookingNotification" name="test_booking_creates_lesson_booked_notification" time="1.111" /></testsuite></testsuites>