<?xml version="1.0" encoding="utf-8"?><testsuites name="pytest tests"><testsuite name="pytest" errors="0" failures="0" skipped="0" tests="11" time="4.503" timestamp="2026-03-02T10:01:52.367002+00:00" hostname="agent-env-dc0847f9-5f34-44f6-862c-149e00fd8517"><testcase classname="tests.test_iteration8_thumbnail_stories.TestLogin" name="test_login_student_success" time="0.415" /><testcase classname="tests.test_iteration8_thumbnail_stories.TestLogin" name="test_login_teacher_success" time="0.339" /><testcase classname="tests.test_iteration8_thumbnail_stories.TestThumbnailEndpoint" name="test_thumbnail_generation_first_call" time="0.451" /><testcase classname="tests.test_iteration8_thumbnail_stories.TestThumbnailEndpoint" name="test_thumbnail_cached_second_call" time="0.549" /><testcase classname="tests.test_iteration8_thumbnail_stories.TestThumbnailEndpoint" name="test_thumbnail_nonexistent_video_returns_404" time="0.482" /><testcase classname="tests.test_iteration8_thumbnail_stories.TestStoriesEndpoint" name="test_stories_returns_grouped_by_user" time="0.525" /><testcase classname="tests.test_iteration8_thumbnail_stories.TestStoriesEndpoint" name="test_stories_requires_auth" time="0.433" /><testcase classname="tests.test_iteration8_thumbnail_stories.TestUserPostsEndpoint" name="test_user_posts_returns_type_field" time="0.446" /><testcase classname="tests.test_iteration8_thumbnail_stories.TestUserPostsEndpoint" name="test_user_posts_requires_auth" time="0.432" /><testcase classname="tests.test_iteration8_thumbnail_stories.TestMediaEndpoint" name="test_media_endpoint_serves_video" time="0.158" /><testcase classname="tests.test_iteration8_thumbnail_stories.TestMediaEndpoint" name="test_uploads_static_serves_video" time="0.161" /></testsuite></testsuites>