<?xml version="1.0" encoding="utf-8"?><testsuites name="pytest tests"><testsuite name="pytest" errors="0" failures="0" skipped="0" tests="24" time="4.524" timestamp="2026-02-28T22:12:19.535704+00:00" hostname="agent-env-00ce4356-0fce-4d27-97df-c7e09f06e6d5"><testcase classname="backend.tests.test_iteration3_all_features.TestAuthRegister" name="test_register_new_user" time="0.452" /><testcase classname="backend.tests.test_iteration3_all_features.TestAuthRegister" name="test_register_duplicate_email_fails" time="0.114" /><testcase classname="backend.tests.test_iteration3_all_features.TestAuthLogin" name="test_login_with_email" time="0.333" /><testcase classname="backend.tests.test_iteration3_all_features.TestAuthLogin" name="test_login_invalid_credentials" time="0.118" /><testcase classname="backend.tests.test_iteration3_all_features.TestUserProfile" name="test_get_current_user" time="0.414" /><testcase classname="backend.tests.test_iteration3_all_features.TestUserProfile" name="test_update_user_profile" time="0.120" /><testcase classname="backend.tests.test_iteration3_all_features.TestToggleAvailability" name="test_toggle_availability" time="0.266" /><testcase classname="backend.tests.test_iteration3_all_features.TestPostsFeed" name="test_get_posts_feed" time="0.217" /><testcase classname="backend.tests.test_iteration3_all_features.TestCreatePost" name="test_create_text_post" time="0.279" /><testcase classname="backend.tests.test_iteration3_all_features.TestLikePost" name="test_like_post" time="0.539" /><testcase classname="backend.tests.test_iteration3_all_features.TestComments" name="test_add_comment_to_post" time="0.290" /><testcase classname="backend.tests.test_iteration3_all_features.TestComments" name="test_get_post_comments" time="0.054" /><testcase classname="backend.tests.test_iteration3_all_features.TestUserPosts" name="test_get_user_posts" time="0.059" /><testcase classname="backend.tests.test_iteration3_all_features.TestStories" name="test_get_stories_grouped" time="0.105" /><testcase classname="backend.tests.test_iteration3_all_features.TestDanceCategories" name="test_get_dance_categories" time="0.067" /><testcase classname="backend.tests.test_iteration3_all_features.TestAvailableTeachers" name="test_get_available_teachers" time="0.062" /><testcase classname="backend.tests.test_iteration3_all_features.TestLiveSessions" name="test_request_live_session" time="0.189" /><testcase classname="backend.tests.test_iteration3_all_features.TestLiveSessions" name="test_get_pending_sessions" time="0.066" /><testcase classname="backend.tests.test_iteration3_all_features.TestLiveSessions" name="test_get_pending_sessions_count" time="0.062" /><testcase classname="backend.tests.test_iteration3_all_features.TestFileUpload" name="test_upload_image_file" time="0.114" /><testcase classname="backend.tests.test_iteration3_all_features.TestFileUpload" name="test_media_streaming_endpoint" time="0.109" /><testcase classname="backend.tests.test_iteration3_all_features.TestFileUpload" name="test_static_uploads_accessible" time="0.137" /><testcase classname="backend.tests.test_iteration3_all_features.TestHealthCheck" name="test_api_root" time="0.115" /><testcase classname="backend.tests.test_iteration3_all_features.TestHealthCheck" name="test_health_endpoint" time="0.111" /></testsuite></testsuites>