<?xml version="1.0" encoding="utf-8"?><testsuites name="pytest tests"><testsuite name="pytest" errors="0" failures="0" skipped="0" tests="7" time="4.113" timestamp="2026-02-28T18:00:44.930743+00:00" hostname="agent-env-d30206f7-2639-4c2e-83f8-f3b3e8b44ff2"><testcase classname="tests.test_iteration2_features.TestPendingSessionCount" name="test_get_pending_count" time="0.607" /><testcase classname="tests.test_iteration2_features.TestPendingSessionCount" name="test_get_pending_sessions_list" time="0.449" /><testcase classname="tests.test_iteration2_features.TestVideoUpload" name="test_upload_video_file" time="0.597" /><testcase classname="tests.test_iteration2_features.TestCreatePostWithMedia" name="test_create_photo_post_with_uploaded_image" time="0.674" /><testcase classname="tests.test_iteration2_features.TestCreatePostWithMedia" name="test_create_video_post_with_uploaded_video" time="0.691" /><testcase classname="tests.test_iteration2_features.TestGetPostsAfterCleanup" name="test_get_posts_returns_created_posts" time="0.463" /><testcase classname="tests.test_iteration2_features.TestStaticFileServingUploads" name="test_uploaded_files_publicly_accessible" time="0.569" /></testsuite></testsuites>