<?xml version="1.0" encoding="utf-8"?><testsuites name="pytest tests"><testsuite name="pytest" errors="0" failures="0" skipped="0" tests="9" time="3.995" timestamp="2026-03-03T21:53:06.065569+00:00" hostname="agent-env-0e790b09-3817-41f8-89e1-ec6783c241ca"><testcase classname="backend.tests.test_iteration13_video_lessons.TestHealthCheck" name="test_health_endpoint" time="0.194" /><testcase classname="backend.tests.test_iteration13_video_lessons.TestAuthentication" name="test_login_teacher" time="0.417" /><testcase classname="backend.tests.test_iteration13_video_lessons.TestAuthentication" name="test_login_student" time="0.446" /><testcase classname="backend.tests.test_iteration13_video_lessons.TestVideoLessonsAPI" name="test_get_video_lessons_returns_array" time="0.496" /><testcase classname="backend.tests.test_iteration13_video_lessons.TestVideoLessonsAPI" name="test_get_user_video_lessons_returns_array" time="0.458" /><testcase classname="backend.tests.test_iteration13_video_lessons.TestVideoLessonsAPI" name="test_get_nonexistent_user_video_lessons" time="0.449" /><testcase classname="backend.tests.test_iteration13_video_lessons.TestVideoLessonsAPI" name="test_update_nonexistent_video_lesson_returns_404" time="0.459" /><testcase classname="backend.tests.test_iteration13_video_lessons.TestVideoLessonsAPI" name="test_delete_nonexistent_video_lesson_returns_404" time="0.515" /><testcase classname="backend.tests.test_iteration13_video_lessons.TestVideoLessonResponseFormat" name="test_video_lessons_list_structure" time="0.450" /></testsuite></testsuites>