<?xml version="1.0" encoding="utf-8"?><testsuites name="pytest tests"><testsuite name="pytest" errors="0" failures="0" skipped="0" tests="8" time="8.103" timestamp="2026-03-03T12:16:30.559305+00:00" hostname="agent-env-dc0847f9-5f34-44f6-862c-149e00fd8517"><testcase classname="backend.tests.test_iteration9_likes_menu.TestIteration9" name="test_get_posts_has_recent_likers_field" time="0.952" /><testcase classname="backend.tests.test_iteration9_likes_menu.TestIteration9" name="test_get_post_likers_endpoint" time="0.875" /><testcase classname="backend.tests.test_iteration9_likes_menu.TestIteration9" name="test_like_post_updates_recent_likers" time="1.052" /><testcase classname="backend.tests.test_iteration9_likes_menu.TestIteration9" name="test_get_pending_sessions_returns_student_info" time="0.924" /><testcase classname="backend.tests.test_iteration9_likes_menu.TestIteration9" name="test_request_and_accept_session_creates_room" time="1.374" /><testcase classname="backend.tests.test_iteration9_likes_menu.TestIteration9" name="test_api_health" time="0.770" /><testcase classname="backend.tests.test_iteration9_likes_menu.TestIteration9" name="test_login_student" time="1.045" /><testcase classname="backend.tests.test_iteration9_likes_menu.TestIteration9" name="test_login_teacher" time="0.983" /></testsuite></testsuites>