<?xml version="1.0" encoding="utf-8"?><testsuites name="pytest tests"><testsuite name="pytest" errors="0" failures="0" skipped="0" tests="14" time="3.977" timestamp="2026-03-04T12:50:01.148821+00:00" hostname="agent-env-68e47cc6-d6a5-430f-b7de-3826836518fb"><testcase classname="backend.tests.test_iteration16_story_thumbnail.TestHealth" name="test_health_check" time="0.221" /><testcase classname="backend.tests.test_iteration16_story_thumbnail.TestUserSearch" name="test_search_users_find_mario" time="0.449" /><testcase classname="backend.tests.test_iteration16_story_thumbnail.TestUserSearch" name="test_search_users_nonexistent" time="0.101" /><testcase classname="backend.tests.test_iteration16_story_thumbnail.TestPosts" name="test_get_posts_with_media_urls" time="0.472" /><testcase classname="backend.tests.test_iteration16_story_thumbnail.TestPosts" name="test_create_carousel_post" time="0.105" /><testcase classname="backend.tests.test_iteration16_story_thumbnail.TestPosts" name="test_get_single_post_has_media_urls" time="0.295" /><testcase classname="backend.tests.test_iteration16_story_thumbnail.TestPostDeletion" name="test_owner_can_delete_own_post" time="0.324" /><testcase classname="backend.tests.test_iteration16_story_thumbnail.TestPostDeletion" name="test_non_owner_gets_403" time="0.359" /><testcase classname="backend.tests.test_iteration16_story_thumbnail.TestStories" name="test_get_stories_has_thumbnail_field" time="0.118" /><testcase classname="backend.tests.test_iteration16_story_thumbnail.TestStories" name="test_create_video_story_returns_thumbnail" time="0.280" /><testcase classname="backend.tests.test_iteration16_story_thumbnail.TestStories" name="test_stories_structure" time="0.101" /><testcase classname="backend.tests.test_iteration16_story_thumbnail.TestAuth" name="test_teacher_login" time="0.325" /><testcase classname="backend.tests.test_iteration16_story_thumbnail.TestAuth" name="test_student_login" time="0.337" /><testcase classname="backend.tests.test_iteration16_story_thumbnail.TestCleanup" name="test_cleanup_test_posts" time="0.406" /></testsuite></testsuites>