<?xml version="1.0" encoding="utf-8"?><testsuites name="pytest tests"><testsuite name="pytest" errors="0" failures="0" skipped="0" tests="19" time="4.147" timestamp="2026-03-05T10:57:23.853938+00:00" hostname="agent-env-68ae22d9-9c95-46b2-b895-b74faee326ca"><testcase classname="backend.tests.test_iteration18_new_features.TestHealthAndAuth" name="test_health_check" time="0.304" /><testcase classname="backend.tests.test_iteration18_new_features.TestHealthAndAuth" name="test_student_login" time="0.281" /><testcase classname="backend.tests.test_iteration18_new_features.TestHealthAndAuth" name="test_teacher_login" time="0.271" /><testcase classname="backend.tests.test_iteration18_new_features.TestLiveSessionReview" name="test_review_requires_valid_session" time="0.331" /><testcase classname="backend.tests.test_iteration18_new_features.TestLiveSessionReview" name="test_review_requires_auth" time="0.050" /><testcase classname="backend.tests.test_iteration18_new_features.TestLiveSessionReview" name="test_review_endpoint_exists" time="0.053" /><testcase classname="backend.tests.test_iteration18_new_features.TestPurchaseCheck" name="test_purchase_check_requires_auth" time="0.048" /><testcase classname="backend.tests.test_iteration18_new_features.TestPurchaseCheck" name="test_purchase_check_not_purchased" time="0.052" /><testcase classname="backend.tests.test_iteration18_new_features.TestMockPurchase" name="test_mock_purchase_requires_auth" time="0.047" /><testcase classname="backend.tests.test_iteration18_new_features.TestMockPurchase" name="test_mock_purchase_creates_record" time="0.169" /><testcase classname="backend.tests.test_iteration18_new_features.TestMockPurchase" name="test_mock_purchase_idempotent" time="0.100" /><testcase classname="backend.tests.test_iteration18_new_features.TestPremiumPlaylists" name="test_premium_playlists_requires_auth" time="0.057" /><testcase classname="backend.tests.test_iteration18_new_features.TestPremiumPlaylists" name="test_premium_playlists_returns_list" time="0.055" /><testcase classname="backend.tests.test_iteration18_new_features.TestPlaylistSubscription" name="test_subscribe_requires_auth" time="0.049" /><testcase classname="backend.tests.test_iteration18_new_features.TestPlaylistSubscription" name="test_subscribe_requires_valid_playlist" time="0.050" /><testcase classname="backend.tests.test_iteration18_new_features.TestSubscriptionCheck" name="test_subscription_check_requires_auth" time="0.046" /><testcase classname="backend.tests.test_iteration18_new_features.TestSubscriptionCheck" name="test_subscription_check_returns_status" time="0.052" /><testcase classname="backend.tests.test_iteration18_new_features.TestEndToEndPremiumFlow" name="test_premium_playlist_full_flow" time="0.727" /><testcase classname="backend.tests.test_iteration18_new_features.TestEndToEndLiveSessionReview" name="test_live_session_review_flow" time="1.250" /></testsuite></testsuites>