<?xml version="1.0" encoding="utf-8"?><testsuites name="pytest tests"><testsuite name="pytest" errors="0" failures="0" skipped="0" tests="15" time="10.000" timestamp="2026-02-28T23:07:50.916895+00:00" hostname="agent-env-00ce4356-0fce-4d27-97df-c7e09f06e6d5"><testcase classname="backend.tests.test_iteration5_video_call.TestHealthAndRegression" name="test_health_endpoint" time="0.181" /><testcase classname="backend.tests.test_iteration5_video_call.TestHealthAndRegression" name="test_api_root" time="0.132" /><testcase classname="backend.tests.test_iteration5_video_call.TestAuthRegression" name="test_login_with_test_user" time="0.346" /><testcase classname="backend.tests.test_iteration5_video_call.TestAuthRegression" name="test_login_with_teacher_user" time="0.369" /><testcase classname="backend.tests.test_iteration5_video_call.TestFeedRegression" name="test_get_posts" time="0.737" /><testcase classname="backend.tests.test_iteration5_video_call.TestFeedRegression" name="test_get_stories" time="0.485" /><testcase classname="backend.tests.test_iteration5_video_call.TestVideoCallEndpoints" name="test_create_video_room" time="0.702" /><testcase classname="backend.tests.test_iteration5_video_call.TestVideoCallEndpoints" name="test_create_video_room_and_get_token" time="0.855" /><testcase classname="backend.tests.test_iteration5_video_call.TestVideoCallEndpoints" name="test_end_video_call" time="0.899" /><testcase classname="backend.tests.test_iteration5_video_call.TestFullLessonFlowWithVideoCall" name="test_teacher_set_available" time="0.602" /><testcase classname="backend.tests.test_iteration5_video_call.TestFullLessonFlowWithVideoCall" name="test_student_requests_lesson_from_available_teacher" time="1.066" /><testcase classname="backend.tests.test_iteration5_video_call.TestFullLessonFlowWithVideoCall" name="test_teacher_accepts_and_creates_room" time="1.162" /><testcase classname="backend.tests.test_iteration5_video_call.TestFullLessonFlowWithVideoCall" name="test_get_session_returns_room_info" time="1.392" /><testcase classname="backend.tests.test_iteration5_video_call.TestSessionEndpoints" name="test_get_pending_sessions" time="0.464" /><testcase classname="backend.tests.test_iteration5_video_call.TestSessionEndpoints" name="test_get_pending_count" time="0.445" /></testsuite></testsuites>