<?xml version="1.0" encoding="utf-8"?><testsuites name="pytest tests"><testsuite name="pytest" errors="0" failures="0" skipped="0" tests="12" time="3.709" timestamp="2026-02-28T22:39:07.850383+00:00" hostname="agent-env-00ce4356-0fce-4d27-97df-c7e09f06e6d5"><testcase classname="backend.tests.test_iteration4_bugfixes.TestAuthLogin" name="test_login_success" time="0.422" /><testcase classname="backend.tests.test_iteration4_bugfixes.TestAuthLogin" name="test_login_invalid_credentials" time="0.119" /><testcase classname="backend.tests.test_iteration4_bugfixes.TestFeedAndPosts" name="test_get_posts_feed" time="0.583" /><testcase classname="backend.tests.test_iteration4_bugfixes.TestFeedAndPosts" name="test_create_post" time="0.116" /><testcase classname="backend.tests.test_iteration4_bugfixes.TestStories" name="test_get_stories" time="0.461" /><testcase classname="backend.tests.test_iteration4_bugfixes.TestStories" name="test_create_story" time="0.121" /><testcase classname="backend.tests.test_iteration4_bugfixes.TestProfilePicture" name="test_update_profile_image" time="0.549" /><testcase classname="backend.tests.test_iteration4_bugfixes.TestAvailabilitySlots" name="test_create_availability_slot" time="0.474" /><testcase classname="backend.tests.test_iteration4_bugfixes.TestAvailabilitySlots" name="test_get_availability_slots" time="0.104" /><testcase classname="backend.tests.test_iteration4_bugfixes.TestHealthAndMisc" name="test_health_check" time="0.116" /><testcase classname="backend.tests.test_iteration4_bugfixes.TestHealthAndMisc" name="test_api_root" time="0.109" /><testcase classname="backend.tests.test_iteration4_bugfixes.TestHealthAndMisc" name="test_dance_categories" time="0.428" /></testsuite></testsuites>