<?xml version="1.0" encoding="utf-8"?><testsuites name="pytest tests"><testsuite name="pytest" errors="0" failures="0" skipped="0" tests="11" time="4.431" timestamp="2026-03-03T22:30:01.255337+00:00" hostname="agent-env-0e790b09-3817-41f8-89e1-ec6783c241ca"><testcase classname="backend.tests.test_iteration14_chat_reviews.TestConversations" name="test_get_conversations_returns_array" time="0.605" /><testcase classname="backend.tests.test_iteration14_chat_reviews.TestConversations" name="test_create_conversation" time="0.476" /><testcase classname="backend.tests.test_iteration14_chat_reviews.TestConversations" name="test_get_messages_returns_array" time="0.313" /><testcase classname="backend.tests.test_iteration14_chat_reviews.TestConversations" name="test_send_message" time="0.245" /><testcase classname="backend.tests.test_iteration14_chat_reviews.TestConversations" name="test_send_message_empty_text_fails" time="0.275" /><testcase classname="backend.tests.test_iteration14_chat_reviews.TestLessonReviews" name="test_get_reviews_returns_array" time="0.529" /><testcase classname="backend.tests.test_iteration14_chat_reviews.TestMediaContentType" name="test_media_mp3_content_type" time="0.212" /><testcase classname="backend.tests.test_iteration14_chat_reviews.TestMediaContentType" name="test_media_endpoint_content_types_mapping" time="0.974" /><testcase classname="backend.tests.test_iteration14_chat_reviews.TestExistingConversation" name="test_existing_conversation_messages" time="0.477" /><testcase classname="backend.tests.test_iteration14_chat_reviews.TestHealthAndBasicEndpoints" name="test_health" time="0.104" /><testcase classname="backend.tests.test_iteration14_chat_reviews.TestHealthAndBasicEndpoints" name="test_root" time="0.109" /></testsuite></testsuites>