<?xml version="1.0" encoding="utf-8"?><testsuites name="pytest tests"><testsuite name="pytest" errors="0" failures="0" skipped="0" tests="8" time="23.097" timestamp="2026-03-22T15:30:57.554586+00:00" hostname="agent-env-1bd32f2f-018f-433b-9740-053598e8abe8"><testcase classname="backend.tests.test_iteration25_story_split.TestStoryVideoSplit" name="test_90s_video_creates_2_stories" time="7.381" /><testcase classname="backend.tests.test_iteration25_story_split.TestStoryVideoSplit" name="test_30s_video_creates_1_story" time="1.620" /><testcase classname="backend.tests.test_iteration25_story_split.TestStoryVideoSplit" name="test_photo_story_creates_normally" time="0.205" /><testcase classname="backend.tests.test_iteration25_story_split.TestStoriesWithThumbnails" name="test_get_stories_returns_thumbnails" time="0.443" /><testcase classname="backend.tests.test_iteration25_story_split.TestPostsMediaAccessibility" name="test_posts_video_media_accessible" time="1.613" /><testcase classname="backend.tests.test_iteration25_story_split.TestVideoPixelFormat" name="test_no_10bit_videos_in_uploads" time="10.117" /><testcase classname="backend.tests.test_iteration25_story_split.TestUploadWithThumbnail" name="test_upload_video_returns_thumbnail" time="0.866" /><testcase classname="backend.tests.test_iteration25_story_split.TestNewVideoIsYuv420p" name="test_new_upload_is_8bit" time="0.786" /></testsuite></testsuites>