<?xml version="1.0" encoding="utf-8"?><testsuites name="pytest tests"><testsuite name="pytest" errors="0" failures="0" skipped="0" tests="29" time="7.015" timestamp="2026-03-20T08:56:37.863843+00:00" hostname="agent-env-fe3ecaae-f328-4a5c-9ce5-8dc74bfbfde2"><testcase classname="backend.tests.test_iteration21_group_lessons.TestGroupLessonAuth" name="test_create_requires_auth" time="0.311" /><testcase classname="backend.tests.test_iteration21_group_lessons.TestGroupLessonAuth" name="test_list_requires_auth" time="0.104" /><testcase classname="backend.tests.test_iteration21_group_lessons.TestGroupLessonAuth" name="test_invalid_token_rejected" time="0.126" /><testcase classname="backend.tests.test_iteration21_group_lessons.TestCreateGroupLesson" name="test_teacher_create_lesson_success" time="0.381" /><testcase classname="backend.tests.test_iteration21_group_lessons.TestCreateGroupLesson" name="test_create_returns_teacher_info" time="0.050" /><testcase classname="backend.tests.test_iteration21_group_lessons.TestListGroupLessons" name="test_list_lessons_success" time="0.051" /><testcase classname="backend.tests.test_iteration21_group_lessons.TestListGroupLessons" name="test_list_includes_teacher_info" time="0.094" /><testcase classname="backend.tests.test_iteration21_group_lessons.TestListGroupLessons" name="test_list_only_upcoming_and_live" time="0.051" /><testcase classname="backend.tests.test_iteration21_group_lessons.TestGetSingleLesson" name="test_get_lesson_success" time="0.097" /><testcase classname="backend.tests.test_iteration21_group_lessons.TestGetSingleLesson" name="test_get_nonexistent_lesson_404" time="0.052" /><testcase classname="backend.tests.test_iteration21_group_lessons.TestBookGroupLesson" name="test_student_book_lesson_success" time="0.464" /><testcase classname="backend.tests.test_iteration21_group_lessons.TestBookGroupLesson" name="test_double_booking_rejected" time="0.240" /><testcase classname="backend.tests.test_iteration21_group_lessons.TestBookGroupLesson" name="test_book_nonexistent_lesson_404" time="0.121" /><testcase classname="backend.tests.test_iteration21_group_lessons.TestCancelBooking" name="test_cancel_booking_success" time="0.251" /><testcase classname="backend.tests.test_iteration21_group_lessons.TestCancelBooking" name="test_cancel_without_booking_rejected" time="0.161" /><testcase classname="backend.tests.test_iteration21_group_lessons.TestMyGroupLessons" name="test_get_my_lessons_success" time="0.099" /><testcase classname="backend.tests.test_iteration21_group_lessons.TestStartGroupLesson" name="test_teacher_start_lesson_success" time="0.466" /><testcase classname="backend.tests.test_iteration21_group_lessons.TestStartGroupLesson" name="test_student_cannot_start_lesson" time="0.146" /><testcase classname="backend.tests.test_iteration21_group_lessons.TestStartGroupLesson" name="test_start_already_started_returns_existing_room" time="0.319" /><testcase classname="backend.tests.test_iteration21_group_lessons.TestJoinGroupLesson" name="test_booked_student_join_live_lesson" time="0.429" /><testcase classname="backend.tests.test_iteration21_group_lessons.TestJoinGroupLesson" name="test_unbooked_student_cannot_join" time="0.415" /><testcase classname="backend.tests.test_iteration21_group_lessons.TestJoinGroupLesson" name="test_cannot_join_before_start" time="0.206" /><testcase classname="backend.tests.test_iteration21_group_lessons.TestEndGroupLesson" name="test_teacher_end_lesson_success" time="0.625" /><testcase classname="backend.tests.test_iteration21_group_lessons.TestEndGroupLesson" name="test_student_cannot_end_lesson" time="0.451" /><testcase classname="backend.tests.test_iteration21_group_lessons.TestSecurityNoPasswordHash" name="test_create_no_password_hash" time="0.065" /><testcase classname="backend.tests.test_iteration21_group_lessons.TestSecurityNoPasswordHash" name="test_list_no_password_hash" time="0.062" /><testcase classname="backend.tests.test_iteration21_group_lessons.TestSecurityNoPasswordHash" name="test_get_single_no_password_hash" time="0.092" /><testcase classname="backend.tests.test_iteration21_group_lessons.TestSecurityNoPasswordHash" name="test_my_lessons_no_password_hash" time="0.048" /><testcase classname="backend.tests.test_iteration21_group_lessons.TestE2EGroupLessonFlow" name="test_complete_flow" time="0.793" /></testsuite></testsuites>