<?xml version="1.0" encoding="utf-8"?><testsuites name="pytest tests"><testsuite name="pytest" errors="0" failures="0" skipped="0" tests="21" time="7.583" timestamp="2026-03-10T16:51:47.276978+00:00" hostname="agent-env-c17f208b-82dd-4c04-96ff-f3e2111aeedb"><testcase classname="backend.tests.test_iteration19_coaching.TestHealthAndAuth" name="test_health_check" time="0.251" /><testcase classname="backend.tests.test_iteration19_coaching.TestHealthAndAuth" name="test_student_login" time="0.299" /><testcase classname="backend.tests.test_iteration19_coaching.TestHealthAndAuth" name="test_teacher_login" time="0.279" /><testcase classname="backend.tests.test_iteration19_coaching.TestCoachingUpload" name="test_upload_requires_valid_session" time="0.656" /><testcase classname="backend.tests.test_iteration19_coaching.TestCoachingUpload" name="test_upload_coaching_clip" time="1.846" /><testcase classname="backend.tests.test_iteration19_coaching.TestCoachingCommand" name="test_command_play" time="0.059" /><testcase classname="backend.tests.test_iteration19_coaching.TestCoachingCommand" name="test_command_pause" time="0.065" /><testcase classname="backend.tests.test_iteration19_coaching.TestCoachingCommand" name="test_command_seek" time="0.067" /><testcase classname="backend.tests.test_iteration19_coaching.TestCoachingCommand" name="test_command_speed" time="0.107" /><testcase classname="backend.tests.test_iteration19_coaching.TestCoachingCommand" name="test_command_draw" time="0.076" /><testcase classname="backend.tests.test_iteration19_coaching.TestCoachingCommand" name="test_command_clear_drawings" time="0.061" /><testcase classname="backend.tests.test_iteration19_coaching.TestCoachingState" name="test_state_returns_session_id" time="0.066" /><testcase classname="backend.tests.test_iteration19_coaching.TestCoachingState" name="test_state_returns_all_fields" time="0.288" /><testcase classname="backend.tests.test_iteration19_coaching.TestCoachingSyncFlow" name="test_full_coaching_sync_flow" time="0.988" /><testcase classname="backend.tests.test_iteration19_coaching.TestVideoPlayerEndpoint" name="test_video_player_nonexistent_file" time="0.069" /><testcase classname="backend.tests.test_iteration19_coaching.TestVideoPlayerEndpoint" name="test_video_player_returns_html" time="0.407" /><testcase classname="backend.tests.test_iteration19_coaching.TestVideoPlayerEndpoint" name="test_video_player_query_params" time="0.412" /><testcase classname="backend.tests.test_iteration19_coaching.TestMediaStreamingEndpoint" name="test_media_nonexistent_file" time="0.066" /><testcase classname="backend.tests.test_iteration19_coaching.TestMediaStreamingEndpoint" name="test_media_streaming" time="0.427" /><testcase classname="backend.tests.test_iteration19_coaching.TestMediaStreamingEndpoint" name="test_media_head_request" time="0.401" /><testcase classname="backend.tests.test_iteration19_coaching.TestMediaStreamingEndpoint" name="test_media_range_request" time="0.499" /></testsuite></testsuites>