<?xml version="1.0" encoding="utf-8"?><testsuites name="pytest tests"><testsuite name="pytest" errors="0" failures="0" skipped="0" tests="10" time="6.342" timestamp="2026-03-01T13:12:43.946329+00:00" hostname="agent-env-dc0847f9-5f34-44f6-862c-149e00fd8517"><testcase classname="backend.tests.test_iteration7_polling_fix.TestAuth" name="test_student_login" time="0.359" /><testcase classname="backend.tests.test_iteration7_polling_fix.TestAuth" name="test_teacher_login" time="0.323" /><testcase classname="backend.tests.test_iteration7_polling_fix.TestLiveSessionPollingFix" name="test_create_live_session_request" time="0.751" /><testcase classname="backend.tests.test_iteration7_polling_fix.TestLiveSessionPollingFix" name="test_pending_session_has_no_room_url" time="0.835" /><testcase classname="backend.tests.test_iteration7_polling_fix.TestLiveSessionPollingFix" name="test_teacher_pending_count" time="0.432" /><testcase classname="backend.tests.test_iteration7_polling_fix.TestLiveSessionPollingFix" name="test_accept_session_creates_room_url" time="1.094" /><testcase classname="backend.tests.test_iteration7_polling_fix.TestLiveSessionPollingFix" name="test_critical_polling_returns_room_url_after_accept" time="1.253" /><testcase classname="backend.tests.test_iteration7_polling_fix.TestLiveSessionPollingFix" name="test_reject_session" time="0.988" /><testcase classname="backend.tests.test_iteration7_polling_fix.TestHealthAndBasicAPI" name="test_health_endpoint" time="0.102" /><testcase classname="backend.tests.test_iteration7_polling_fix.TestHealthAndBasicAPI" name="test_root_endpoint" time="0.107" /></testsuite></testsuites>