<?xml version="1.0" encoding="utf-8"?><testsuites name="pytest tests"><testsuite name="pytest" errors="0" failures="0" skipped="0" tests="8" time="4.442" timestamp="2026-02-28T23:31:52.346215+00:00" hostname="agent-env-00ce4356-0fce-4d27-97df-c7e09f06e6d5"><testcase classname="backend.tests.test_iteration6_media_serving.TestAuthRegression" name="test_login_mario_user" time="0.399" /><testcase classname="backend.tests.test_iteration6_media_serving.TestAuthRegression" name="test_login_teacher_user" time="0.404" /><testcase classname="backend.tests.test_iteration6_media_serving.TestMediaServing" name="test_get_posts_returns_file_paths_not_base64" time="0.541" /><testcase classname="backend.tests.test_iteration6_media_serving.TestMediaServing" name="test_media_endpoint_serves_file_directly" time="0.677" /><testcase classname="backend.tests.test_iteration6_media_serving.TestVideoCallIntegration" name="test_create_video_room_directly" time="0.750" /><testcase classname="backend.tests.test_iteration6_media_serving.TestFullLessonFlow" name="test_full_lesson_flow_with_room_url" time="1.320" /><testcase classname="backend.tests.test_iteration6_media_serving.TestHealthAndBasicEndpoints" name="test_health_endpoint" time="0.143" /><testcase classname="backend.tests.test_iteration6_media_serving.TestHealthAndBasicEndpoints" name="test_root_api_endpoint" time="0.098" /></testsuite></testsuites>