<?xml version="1.0" encoding="utf-8"?><testsuites name="pytest tests"><testsuite name="pytest" errors="0" failures="0" skipped="0" tests="11" time="6.452" timestamp="2026-03-03T16:09:34.310984+00:00" hostname="agent-env-dc0847f9-5f34-44f6-862c-149e00fd8517"><testcase classname="backend.tests.test_iteration10_music.TestMusicFeature" name="test_get_genres" time="0.647" /><testcase classname="backend.tests.test_iteration10_music.TestMusicFeature" name="test_create_playlist" time="0.538" /><testcase classname="backend.tests.test_iteration10_music.TestMusicFeature" name="test_get_playlists" time="0.403" /><testcase classname="backend.tests.test_iteration10_music.TestMusicFeature" name="test_delete_playlist" time="0.528" /><testcase classname="backend.tests.test_iteration10_music.TestMusicFeature" name="test_upload_song" time="0.721" /><testcase classname="backend.tests.test_iteration10_music.TestMusicFeature" name="test_get_songs" time="0.539" /><testcase classname="backend.tests.test_iteration10_music.TestMusicFeature" name="test_toggle_song_like" time="0.731" /><testcase classname="backend.tests.test_iteration10_music.TestMusicFeature" name="test_move_song_to_playlist" time="0.897" /><testcase classname="backend.tests.test_iteration10_music.TestMusicFeature" name="test_delete_song" time="0.801" /><testcase classname="backend.tests.test_iteration10_music.TestHealthCheck" name="test_health" time="0.141" /><testcase classname="backend.tests.test_iteration10_music.TestHealthCheck" name="test_login" time="0.374" /></testsuite></testsuites>