<?xml version="1.0" encoding="utf-8"?><testsuites name="pytest tests"><testsuite name="pytest" errors="0" failures="0" skipped="0" tests="14" time="4.060" timestamp="2026-03-22T15:02:58.529365+00:00" hostname="agent-env-1bd32f2f-018f-433b-9740-053598e8abe8"><testcase classname="backend.tests.test_iteration24_stories_video.TestFFmpegAvailability" name="test_ffmpeg_exists_at_expected_path" time="0.000" /><testcase classname="backend.tests.test_iteration24_stories_video.TestFFmpegAvailability" name="test_ffmpeg_is_executable" time="0.066" /><testcase classname="backend.tests.test_iteration24_stories_video.TestFFmpegAvailability" name="test_ffmpeg_has_libx264" time="0.066" /><testcase classname="backend.tests.test_iteration24_stories_video.TestVideoUpload" name="test_upload_video_returns_thumbnail_url" time="0.858" /><testcase classname="backend.tests.test_iteration24_stories_video.TestVideoUpload" name="test_upload_video_thumbnail_is_accessible" time="0.395" /><testcase classname="backend.tests.test_iteration24_stories_video.TestStoryCreation" name="test_create_video_story_has_thumbnail" time="0.572" /><testcase classname="backend.tests.test_iteration24_stories_video.TestGetStories" name="test_get_stories_includes_thumbnail_field" time="0.144" /><testcase classname="backend.tests.test_iteration24_stories_video.TestGetStories" name="test_video_stories_have_thumbnails" time="0.104" /><testcase classname="backend.tests.test_iteration24_stories_video.TestMediaStreaming" name="test_media_endpoint_serves_video_with_range_support" time="0.418" /><testcase classname="backend.tests.test_iteration24_stories_video.TestMediaStreaming" name="test_media_endpoint_serves_thumbnail_image" time="0.391" /><testcase classname="backend.tests.test_iteration24_stories_video.TestMediaStreaming" name="test_media_endpoint_head_request" time="0.401" /><testcase classname="backend.tests.test_iteration24_stories_video.TestMediaStreaming" name="test_media_endpoint_404_for_nonexistent_file" time="0.115" /><testcase classname="backend.tests.test_iteration24_stories_video.TestDatabaseVideoStories" name="test_all_video_stories_have_thumbnails" time="0.114" /><testcase classname="backend.tests.test_iteration24_stories_video.TestVideoH264Encoding" name="test_uploaded_video_is_h264_encoded" time="0.297" /></testsuite></testsuites>