<?xml version="1.0" encoding="utf-8"?><testsuites name="pytest tests"><testsuite name="pytest" errors="0" failures="0" skipped="0" tests="20" time="10.974" timestamp="2026-02-28T17:19:26.534520+00:00" hostname="agent-env-d30206f7-2639-4c2e-83f8-f3b3e8b44ff2"><testcase classname="tests.test_beatmates_api.TestHealthCheck" name="test_api_health" time="0.277" /><testcase classname="tests.test_beatmates_api.TestHealthCheck" name="test_api_root" time="0.158" /><testcase classname="tests.test_beatmates_api.TestAuthentication" name="test_login_success" time="0.337" /><testcase classname="tests.test_beatmates_api.TestAuthentication" name="test_login_invalid_credentials" time="0.319" /><testcase classname="tests.test_beatmates_api.TestAuthentication" name="test_login_nonexistent_user" time="0.129" /><testcase classname="tests.test_beatmates_api.TestFileUpload" name="test_upload_image" time="0.591" /><testcase classname="tests.test_beatmates_api.TestFileUpload" name="test_upload_without_auth" time="0.431" /><testcase classname="tests.test_beatmates_api.TestPosts" name="test_get_posts" time="0.882" /><testcase classname="tests.test_beatmates_api.TestPosts" name="test_create_post_text_only" time="1.107" /><testcase classname="tests.test_beatmates_api.TestPosts" name="test_create_post_with_media_url" time="0.569" /><testcase classname="tests.test_beatmates_api.TestPosts" name="test_get_user_posts" time="0.453" /><testcase classname="tests.test_beatmates_api.TestPosts" name="test_like_post" time="1.176" /><testcase classname="tests.test_beatmates_api.TestStories" name="test_get_stories" time="0.540" /><testcase classname="tests.test_beatmates_api.TestStories" name="test_create_story_with_media_url" time="0.725" /><testcase classname="tests.test_beatmates_api.TestUserProfile" name="test_get_current_user" time="0.459" /><testcase classname="tests.test_beatmates_api.TestUserProfile" name="test_update_profile_image" time="0.660" /><testcase classname="tests.test_beatmates_api.TestUserProfile" name="test_get_other_user" time="0.430" /><testcase classname="tests.test_beatmates_api.TestStaticFiles" name="test_static_file_accessible" time="0.552" /><testcase classname="tests.test_beatmates_api.TestStaticFiles" name="test_static_file_by_filename" time="0.629" /><testcase classname="tests.test_beatmates_api.TestDanceCategories" name="test_get_dance_categories" time="0.429" /></testsuite></testsuites>